2016-06-19 18:00:32,533 - ResourceManager : found javaMybatis/ibatis_dao.vm with loader org.apache.velocity.runtime.resource.loader.FileResourceLoader
2016-06-19 18:00:32,596 - ResourceManager : found javaMybatis/ibatis_spring_action.vm with loader org.apache.velocity.runtime.resource.loader.FileResourceLoader
2016-06-19 18:00:32,659 - ResourceManager : found javaMybatis/ibatis_po.vm with loader org.apache.velocity.runtime.resource.loader.FileResourceLoader
2016-06-19 18:00:32,725 - ResourceManager : found javaMybatis/ibatis_sqlMap.vm with loader org.apache.velocity.runtime.resource.loader.FileResourceLoader
2016-06-19 18:00:32,738 - Null reference [template 'javaMybatis/ibatis_sqlMap.vm', line 60, column 34] : ${orderBy} cannot be resolved.
2016-06-19 18:00:32,748 - ResourceManager : found javaMybatis/ibatis_service.vm with loader org.apache.velocity.runtime.resource.loader.FileResourceLoader
2016-06-19 18:00:32,767 - ResourceManager : found javaMybatis/ibatis_serviceImpl.vm with loader org.apache.velocity.runtime.resource.loader.FileResourceLoader
2016-06-19 18:00:32,792 - ResourceManager : found javaMybatis/ibatis_list_vm.vm with loader org.apache.velocity.runtime.resource.loader.FileResourceLoader
2016-06-19 18:00:32,793 - Null reference [template 'javaMybatis/ibatis_list_vm.vm', line 14, column 28] : $json cannot be resolved.
2016-06-19 18:00:32,793 - Null reference [template 'javaMybatis/ibatis_list_vm.vm', line 16, column 27] : $page cannot be resolved.
2016-06-19 18:00:32,793 - Null reference [template 'javaMybatis/ibatis_list_vm.vm', line 17, column 31] : $page cannot be resolved.
2016-06-19 18:00:32,793 - Null reference [template 'javaMybatis/ibatis_list_vm.vm', line 18, column 27] : $page cannot be resolved.
2016-06-19 18:00:32,793 - Null reference [template 'javaMybatis/ibatis_list_vm.vm', line 19, column 31] : $json cannot be resolved.
2016-06-19 18:00:32,819 - ResourceManager : found javaMybatis/ibatis_edit_vm.vm with loader org.apache.velocity.runtime.resource.loader.FileResourceLoader
2016-06-19 18:00:32,819 - Null reference [template 'javaMybatis/ibatis_edit_vm.vm', line 20, column 87] : ${baseUrl} cannot be resolved.
2016-06-19 18:00:32,826 - Null reference [template 'javaMybatis/ibatis_edit_vm.vm', line 44, column 284] : $digits cannot be resolved.
2016-06-19 18:00:32,827 - Null reference [template 'javaMybatis/ibatis_edit_vm.vm', line 44, column 284] : $digits cannot be resolved.
2016-06-19 18:00:32,830 - ResourceManager : found sm/.mymetadata with loader org.apache.velocity.runtime.resource.loader.FileResourceLoader
2016-06-19 18:00:32,831 - ResourceManager : found sm/.springBeans with loader org.apache.velocity.runtime.resource.loader.FileResourceLoader
2016-06-19 18:00:32,832 - ResourceManager : found sm/doc/changelog.txt with loader org.apache.velocity.runtime.resource.loader.FileResourceLoader
2016-06-19 18:00:32,832 - ResourceManager : found sm/doc/README.txt with loader org.apache.velocity.runtime.resource.loader.FileResourceLoader
2016-06-19 18:00:32,834 - ResourceManager : found sm/env/beta/jdbc.properties with loader org.apache.velocity.runtime.resource.loader.FileResourceLoader
2016-06-19 18:00:32,835 - ResourceManager : found sm/env/beta/log4j.properties with loader org.apache.velocity.runtime.resource.loader.FileResourceLoader
2016-06-19 18:00:32,835 - Null reference [template 'sm/env/beta/log4j.properties', line 8, column 23] : ${catalina.base} cannot be resolved.
2016-06-19 18:00:32,837 - ResourceManager : found sm/env/dev/jdbc.properties with loader org.apache.velocity.runtime.resource.loader.FileResourceLoader
2016-06-19 18:00:32,839 - ResourceManager : found sm/env/dev/log4j.properties with loader org.apache.velocity.runtime.resource.loader.FileResourceLoader
2016-06-19 18:00:32,839 - Null reference [template 'sm/env/dev/log4j.properties', line 8, column 23] : ${catalina.base} cannot be resolved.
2016-06-19 18:00:32,840 - ResourceManager : found sm/env/local/jdbc.properties with loader org.apache.velocity.runtime.resource.loader.FileResourceLoader
2016-06-19 18:00:32,841 - ResourceManager : found sm/env/local/log4j.properties with loader org.apache.velocity.runtime.resource.loader.FileResourceLoader
2016-06-19 18:00:32,841 - Null reference [template 'sm/env/local/log4j.properties', line 8, column 23] : ${catalina.base} cannot be resolved.
2016-06-19 18:00:32,842 - ResourceManager : found sm/env/prod/jdbc.properties with loader org.apache.velocity.runtime.resource.loader.FileResourceLoader
2016-06-19 18:00:32,844 - ResourceManager : found sm/env/prod/log4j.properties with loader org.apache.velocity.runtime.resource.loader.FileResourceLoader
2016-06-19 18:00:32,844 - Null reference [template 'sm/env/prod/log4j.properties', line 8, column 23] : ${catalina.base} cannot be resolved.
2016-06-19 18:00:32,847 - ResourceManager : found sm/pom.xml with loader org.apache.velocity.runtime.resource.loader.FileResourceLoader
2016-06-19 18:00:32,847 - Null reference [template 'sm/pom.xml', line 91, column 83] : ${env.base} cannot be resolved.
2016-06-19 18:00:32,848 - Null reference [template 'sm/pom.xml', line 91, column 95] : ${environment.type} cannot be resolved.
2016-06-19 18:00:32,848 - Null reference [template 'sm/pom.xml', line 132, column 39] : ${org.springframework-version} cannot be resolved.
2016-06-19 18:00:32,848 - Null reference [template 'sm/pom.xml', line 137, column 34] : ${org.springframework-version} cannot be resolved.
2016-06-19 18:00:32,849 - Null reference [template 'sm/pom.xml', line 150, column 34] : ${aspectj.version} cannot be resolved.
2016-06-19 18:00:32,849 - Null reference [template 'sm/pom.xml', line 296, column 34] : ${org.springframework-version} cannot be resolved.
2016-06-19 18:00:32,850 - ResourceManager : found sm/src/main/resources/applicationContext-schedule.xml with loader org.apache.velocity.runtime.resource.loader.FileResourceLoader
2016-06-19 18:00:32,853 - ResourceManager : found sm/src/main/resources/applicationContext-service.xml with loader org.apache.velocity.runtime.resource.loader.FileResourceLoader
2016-06-19 18:00:32,857 - ResourceManager : found sm/src/main/resources/applicationContext.xml with loader org.apache.velocity.runtime.resource.loader.FileResourceLoader
2016-06-19 18:00:32,859 - ResourceManager : found sm/src/main/resources/config.properties with loader org.apache.velocity.runtime.resource.loader.FileResourceLoader
2016-06-19 18:00:32,860 - ResourceManager : found sm/src/main/resources/log4j.properties with loader org.apache.velocity.runtime.resource.loader.FileResourceLoader
2016-06-19 18:00:32,860 - Null reference [template 'sm/src/main/resources/log4j.properties', line 13, column 25] : ${fuyunbar.root} cannot be resolved.
2016-06-19 18:00:32,868 - ResourceManager : found sm/src/main/resources/sqlMapConfig.xml with loader org.apache.velocity.runtime.resource.loader.FileResourceLoader
2016-06-19 18:00:32,870 - ResourceManager : found sm/src/main/resources/struts.xml with loader org.apache.velocity.runtime.resource.loader.FileResourceLoader
2016-06-19 18:00:32,875 - ResourceManager : found sm/src/main/resources/toolbox.xml with loader org.apache.velocity.runtime.resource.loader.FileResourceLoader
2016-06-19 18:00:32,877 - ResourceManager : found sm/src/main/webapp/META-INF/MANIFEST.MF with loader org.apache.velocity.runtime.resource.loader.FileResourceLoader
2016-06-19 18:00:32,879 - ResourceManager : found sm/src/main/webapp/WEB-INF/web.xml with loader org.apache.velocity.runtime.resource.loader.FileResourceLoader
2016-06-19 18:00:32,882 - ResourceManager : found sm/src/profiles/develop/main/resources/jdbc.properties with loader org.apache.velocity.runtime.resource.loader.FileResourceLoader
2016-06-19 18:00:32,892 - ResourceManager : found sm/src/profiles/develop/main/resources/velocity.properties with loader org.apache.velocity.runtime.resource.loader.FileResourceLoader
2016-06-19 18:00:32,893 - Null reference [template 'sm/src/profiles/develop/main/resources/velocity.properties', line 29, column 29] : ${project_path} cannot be resolved.
2016-06-19 18:00:32,893 - Null reference [template 'sm/src/profiles/develop/main/resources/velocity.properties', line 60, column 39] : $velocityCount cannot be resolved.
2016-06-19 18:00:32,895 - ResourceManager : found javaUtil/controller/AbstractController.vm with loader org.apache.velocity.runtime.resource.loader.FileResourceLoader
2016-06-19 18:00:32,897 - ResourceManager : found javaUtil/util/JSONUtil.vm with loader org.apache.velocity.runtime.resource.loader.FileResourceLoader
2016-06-19 18:00:32,898 - ResourceManager : found javaUtil/util/MD5Util.vm with loader org.apache.velocity.runtime.resource.loader.FileResourceLoader
2016-06-19 18:00:32,899 - ResourceManager : found javaUtil/util/PageController.vm with loader org.apache.velocity.runtime.resource.loader.FileResourceLoader
2016-06-19 18:00:32,904 - ResourceManager : found javaUtil/util/QunarJsonConfig.vm with loader org.apache.velocity.runtime.resource.loader.FileResourceLoader
2016-06-19 18:00:32,907 - ResourceManager : found javaUtil/util/SpringContextUtil.vm with loader org.apache.velocity.runtime.resource.loader.FileResourceLoader
2016-06-19 18:00:32,909 - ResourceManager : found javaUtil/util/StringEscapeEditor.vm with loader org.apache.velocity.runtime.resource.loader.FileResourceLoader
2016-06-19 18:00:59,462 - Log4JLogChute initialized using file 'velocity.log'
2016-06-19 18:00:59,463 - Initializing Velocity, Calling init()...
2016-06-19 18:00:59,463 - Starting Apache Velocity v1.7 (compiled: 2010-11-19 12:14:37)
2016-06-19 18:00:59,463 - Default Properties File: org/apache/velocity/runtime/defaults/velocity.properties
2016-06-19 18:00:59,463 - Trying to use logger class org.apache.velocity.runtime.log.AvalonLogChute
2016-06-19 18:00:59,463 - Target log system for org.apache.velocity.runtime.log.AvalonLogChute is not available (java.lang.NoClassDefFoundError: org/apache/log/format/Formatter).  Falling back to next log system...
2016-06-19 18:00:59,463 - Trying to use logger class org.apache.velocity.runtime.log.Log4JLogChute
2016-06-19 18:00:59,463 - Using logger class org.apache.velocity.runtime.log.Log4JLogChute
2016-06-19 18:00:59,470 - ResourceLoader instantiated: org.apache.velocity.runtime.resource.loader.FileResourceLoader
2016-06-19 18:00:59,473 - Do unicode file recognition:  false
2016-06-19 18:00:59,473 - FileResourceLoader : adding path '/Users/hanqing.thq/github/pdm2mybatis/target/classes/template'
2016-06-19 18:00:59,500 - ResourceCache: initialized (class org.apache.velocity.runtime.resource.ResourceCacheImpl) with class java.util.Collections$SynchronizedMap cache map.
2016-06-19 18:00:59,505 - Loaded System Directive: org.apache.velocity.runtime.directive.Stop
2016-06-19 18:00:59,510 - Loaded System Directive: org.apache.velocity.runtime.directive.Define
2016-06-19 18:00:59,511 - Loaded System Directive: org.apache.velocity.runtime.directive.Break
2016-06-19 18:00:59,513 - Loaded System Directive: org.apache.velocity.runtime.directive.Evaluate
2016-06-19 18:00:59,515 - Loaded System Directive: org.apache.velocity.runtime.directive.Literal
2016-06-19 18:00:59,521 - Loaded System Directive: org.apache.velocity.runtime.directive.Macro
2016-06-19 18:00:59,524 - Loaded System Directive: org.apache.velocity.runtime.directive.Parse
2016-06-19 18:00:59,529 - Loaded System Directive: org.apache.velocity.runtime.directive.Include
2016-06-19 18:00:59,532 - Loaded System Directive: org.apache.velocity.runtime.directive.Foreach
2016-06-19 18:00:59,647 - Created '20' parsers.
2016-06-19 18:00:59,678 - Velocimacro : "velocimacro.library" is not set.  Trying default library: VM_global_library.vm
2016-06-19 18:00:59,678 - Velocimacro : Default library not found.
2016-06-19 18:00:59,678 - Velocimacro : allowInline = true : VMs can be defined inline in templates
2016-06-19 18:00:59,678 - Velocimacro : allowInlineToOverride = false : VMs defined inline may NOT replace previous VM definitions
2016-06-19 18:00:59,678 - Velocimacro : allowInlineLocal = false : VMs defined inline will be global in scope if allowed.
2016-06-19 18:00:59,678 - Velocimacro : autoload off : VM system will not automatically reload global library macros
2016-06-19 18:00:59,846 - ResourceManager : found javaMybatis/ibatis_dao.vm with loader org.apache.velocity.runtime.resource.loader.FileResourceLoader
2016-06-19 18:00:59,912 - ResourceManager : found javaMybatis/ibatis_spring_action.vm with loader org.apache.velocity.runtime.resource.loader.FileResourceLoader
2016-06-19 18:01:00,016 - ResourceManager : found javaMybatis/ibatis_po.vm with loader org.apache.velocity.runtime.resource.loader.FileResourceLoader
2016-06-19 18:01:00,140 - ResourceManager : found javaMybatis/ibatis_sqlMap.vm with loader org.apache.velocity.runtime.resource.loader.FileResourceLoader
2016-06-19 18:01:00,164 - Null reference [template 'javaMybatis/ibatis_sqlMap.vm', line 60, column 34] : ${orderBy} cannot be resolved.
2016-06-19 18:01:00,175 - ResourceManager : found javaMybatis/ibatis_service.vm with loader org.apache.velocity.runtime.resource.loader.FileResourceLoader
2016-06-19 18:01:00,210 - ResourceManager : found javaMybatis/ibatis_serviceImpl.vm with loader org.apache.velocity.runtime.resource.loader.FileResourceLoader
